********************************************************************************
DUPLICATOR-LITE PACKAGE-LOG: 05/14/2020 6:55 PM
NOTICE: Do NOT post to public sites or forums 
********************************************************************************
VERSION:	1.3.32
WORDPRESS:	5.4
PHP INFO:	7.2.19 | SAPI: cgi-fcgi
SERVER:		Microsoft-IIS/10.0 
PHP TIME LIMIT: (0) no time limit imposed 
PHP MAX MEMORY: 4294967296 (128M default) 
MEMORY STACK: 6MB
[PHP ERR][WARN] MSG:file_exists(): open_basedir restriction in effect. File(C:\www/mysql/bin/mysqldump.exe) is not within the allowed path(s): (C:\www\exovirtualreality) [CODE:2|FILE:C:\www\exovirtualreality\wp-content\plugins\duplicator\classes\class.db.php|LINE:89]
do_action('wp_ajax_duplicator_package_build'), WP_Hook->do_action, WP_Hook->apply_filters, duplicator_package_build, DUP_Package->runZipBuild, DUP_Database->build, DUP_DB::getMySqlDumpPath, DUP_DB::getWindowsMySqlDumpRealPath, file_exists, DUP_Handler::error, DUP_Handler::getMessage
[PHP ERR][WARN] MSG:file_exists(): open_basedir restriction in effect. File(C:\/mysql/bin/mysqldump.exe) is not within the allowed path(s): (C:\www\exovirtualreality) [CODE:2|FILE:C:\www\exovirtualreality\wp-content\plugins\duplicator\classes\class.db.php|LINE:89]
do_action('wp_ajax_duplicator_package_build'), WP_Hook->do_action, WP_Hook->apply_filters, duplicator_package_build, DUP_Package->runZipBuild, DUP_Database->build, DUP_DB::getMySqlDumpPath, DUP_DB::getWindowsMySqlDumpRealPath, file_exists, DUP_Handler::error, DUP_Handler::getMessage
[PHP ERR][WARN] MSG:file_exists(): open_basedir restriction in effect. File(C:\www/mysql/bin/mysqldump) is not within the allowed path(s): (C:\www\exovirtualreality) [CODE:2|FILE:C:\www\exovirtualreality\wp-content\plugins\duplicator\classes\class.db.php|LINE:89]
do_action('wp_ajax_duplicator_package_build'), WP_Hook->do_action, WP_Hook->apply_filters, duplicator_package_build, DUP_Package->runZipBuild, DUP_Database->build, DUP_DB::getMySqlDumpPath, DUP_DB::getWindowsMySqlDumpRealPath, file_exists, DUP_Handler::error, DUP_Handler::getMessage
[PHP ERR][WARN] MSG:file_exists(): open_basedir restriction in effect. File(C:\/mysql/bin/mysqldump) is not within the allowed path(s): (C:\www\exovirtualreality) [CODE:2|FILE:C:\www\exovirtualreality\wp-content\plugins\duplicator\classes\class.db.php|LINE:89]
do_action('wp_ajax_duplicator_package_build'), WP_Hook->do_action, WP_Hook->apply_filters, duplicator_package_build, DUP_Package->runZipBuild, DUP_Database->build, DUP_DB::getMySqlDumpPath, DUP_DB::getWindowsMySqlDumpRealPath, file_exists, DUP_Handler::error, DUP_Handler::getMessage
[PHP ERR][WARN] MSG:file_exists(): open_basedir restriction in effect. File(C:\www/mysql/bin/mysqldump.exe) is not within the allowed path(s): (C:\www\exovirtualreality) [CODE:2|FILE:C:\www\exovirtualreality\wp-content\plugins\duplicator\classes\class.db.php|LINE:89]
do_action('wp_ajax_duplicator_package_build'), WP_Hook->do_action, WP_Hook->apply_filters, duplicator_package_build, DUP_Package->runZipBuild, DUP_Database->build, DUP_DB::getBuildMode, DUP_DB::getMySqlDumpPath, DUP_DB::getWindowsMySqlDumpRealPath, file_exists, DUP_Handler::error, DUP_Handler::getMessage
[PHP ERR][WARN] MSG:file_exists(): open_basedir restriction in effect. File(C:\/mysql/bin/mysqldump.exe) is not within the allowed path(s): (C:\www\exovirtualreality) [CODE:2|FILE:C:\www\exovirtualreality\wp-content\plugins\duplicator\classes\class.db.php|LINE:89]
do_action('wp_ajax_duplicator_package_build'), WP_Hook->do_action, WP_Hook->apply_filters, duplicator_package_build, DUP_Package->runZipBuild, DUP_Database->build, DUP_DB::getBuildMode, DUP_DB::getMySqlDumpPath, DUP_DB::getWindowsMySqlDumpRealPath, file_exists, DUP_Handler::error, DUP_Handler::getMessage
[PHP ERR][WARN] MSG:file_exists(): open_basedir restriction in effect. File(C:\www/mysql/bin/mysqldump) is not within the allowed path(s): (C:\www\exovirtualreality) [CODE:2|FILE:C:\www\exovirtualreality\wp-content\plugins\duplicator\classes\class.db.php|LINE:89]
do_action('wp_ajax_duplicator_package_build'), WP_Hook->do_action, WP_Hook->apply_filters, duplicator_package_build, DUP_Package->runZipBuild, DUP_Database->build, DUP_DB::getBuildMode, DUP_DB::getMySqlDumpPath, DUP_DB::getWindowsMySqlDumpRealPath, file_exists, DUP_Handler::error, DUP_Handler::getMessage
[PHP ERR][WARN] MSG:file_exists(): open_basedir restriction in effect. File(C:\/mysql/bin/mysqldump) is not within the allowed path(s): (C:\www\exovirtualreality) [CODE:2|FILE:C:\www\exovirtualreality\wp-content\plugins\duplicator\classes\class.db.php|LINE:89]
do_action('wp_ajax_duplicator_package_build'), WP_Hook->do_action, WP_Hook->apply_filters, duplicator_package_build, DUP_Package->runZipBuild, DUP_Database->build, DUP_DB::getBuildMode, DUP_DB::getMySqlDumpPath, DUP_DB::getWindowsMySqlDumpRealPath, file_exists, DUP_Handler::error, DUP_Handler::getMessage

********************************************************************************
DATABASE:
********************************************************************************
BUILD MODE:   PHP(query limit - 100)
MYSQLTIMEOUT: 5000
MYSQLDUMP:    Not Supported
TABLES: total:16 | filtered:0 | create:16
FILTERED: []
SQL CREATED: 20200514_exovirtualrealitycom_48acfebe1aaa10958446_20200514185509_database.sql
SQL FILE SIZE: 747.83KB (765774)
SQL FILE TIME: 2020-05-14 18:55:43
SQL RUNTIME: 0.59 sec.

********************************************************************************
ARCHIVE (ZIP):
********************************************************************************
ARCHIVE DIR:  C:/www/exovirtualreality
ARCHIVE FILE: 20200514_exovirtualrealitycom_48acfebe1aaa10958446_20200514185509_archive.zip
FILTERS: *OFF*
DIRS:
	not set
FILES:
	not set
EXTS:  not set
----------------------------------------
COMPRESSING
SIZE:	0B
STATS:	Dirs 0 | Files 0
SQL ADDED: 20200514_exovirtualrealitycom_48acfebe1aaa10958446_20200514185509_database.sql
ZipArchive Object
(
    [status] => 0
    [statusSys] => 0
    [numFiles] => 1
    [filename] => C:\www\exovirtualreality\wp-snapshots\tmp\20200514_exovirtualrealitycom_48acfebe1aaa10958446_20200514185509_archive.zip
    [comment] => 
)

FILE ADDED TO ZIP: 0
COMPRESSION RESULT: '1'
COMPRESSED SIZE: 163.03KB
ARCHIVE RUNTIME: 0.04 sec.
MEMORY STACK: 8MB
building installer
[PHP ERR][WARN] MSG:is_readable(): open_basedir restriction in effect. File(/dev/urandom) is not within the allowed path(s): (C:\www\exovirtualreality) [CODE:2|FILE:C:\www\exovirtualreality\wp-content\plugins\duplicator\classes\class.password.php|LINE:63]
do_action('wp_ajax_duplicator_package_build'), WP_Hook->do_action, WP_Hook->apply_filters, duplicator_package_build, DUP_Package->runZipBuild, DUP_Installer->build, DUP_Installer->create_enhanced_installer_files, DUP_Installer->create_archive_config_file, DUP_PasswordHash->HashPassword, DUP_PasswordHash->get_random_bytes, is_readable, DUP_Handler::error, DUP_Handler::getMessage
[PHP ERR][WARN] MSG:file_exists(): open_basedir restriction in effect. File(C:\www/mysql/bin/mysqldump.exe) is not within the allowed path(s): (C:\www\exovirtualreality) [CODE:2|FILE:C:\www\exovirtualreality\wp-content\plugins\duplicator\classes\class.db.php|LINE:89]
do_action('wp_ajax_duplicator_package_build'), WP_Hook->do_action, WP_Hook->apply_filters, duplicator_package_build, DUP_Package->runZipBuild, DUP_Installer->build, DUP_Installer->create_enhanced_installer_files, DUP_Installer->create_archive_config_file, DUP_Database->getScannerData, DUP_Database->setInfoObj, DUP_DB::getBuildMode, DUP_DB::getMySqlDumpPath, DUP_DB::getWindowsMySqlDumpRealPath, file_exists, DUP_Handler::error, DUP_Handler::getMessage
[PHP ERR][WARN] MSG:file_exists(): open_basedir restriction in effect. File(C:\/mysql/bin/mysqldump.exe) is not within the allowed path(s): (C:\www\exovirtualreality) [CODE:2|FILE:C:\www\exovirtualreality\wp-content\plugins\duplicator\classes\class.db.php|LINE:89]
do_action('wp_ajax_duplicator_package_build'), WP_Hook->do_action, WP_Hook->apply_filters, duplicator_package_build, DUP_Package->runZipBuild, DUP_Installer->build, DUP_Installer->create_enhanced_installer_files, DUP_Installer->create_archive_config_file, DUP_Database->getScannerData, DUP_Database->setInfoObj, DUP_DB::getBuildMode, DUP_DB::getMySqlDumpPath, DUP_DB::getWindowsMySqlDumpRealPath, file_exists, DUP_Handler::error, DUP_Handler::getMessage
[PHP ERR][WARN] MSG:file_exists(): open_basedir restriction in effect. File(C:\www/mysql/bin/mysqldump) is not within the allowed path(s): (C:\www\exovirtualreality) [CODE:2|FILE:C:\www\exovirtualreality\wp-content\plugins\duplicator\classes\class.db.php|LINE:89]
do_action('wp_ajax_duplicator_package_build'), WP_Hook->do_action, WP_Hook->apply_filters, duplicator_package_build, DUP_Package->runZipBuild, DUP_Installer->build, DUP_Installer->create_enhanced_installer_files, DUP_Installer->create_archive_config_file, DUP_Database->getScannerData, DUP_Database->setInfoObj, DUP_DB::getBuildMode, DUP_DB::getMySqlDumpPath, DUP_DB::getWindowsMySqlDumpRealPath, file_exists, DUP_Handler::error, DUP_Handler::getMessage
[PHP ERR][WARN] MSG:file_exists(): open_basedir restriction in effect. File(C:\/mysql/bin/mysqldump) is not within the allowed path(s): (C:\www\exovirtualreality) [CODE:2|FILE:C:\www\exovirtualreality\wp-content\plugins\duplicator\classes\class.db.php|LINE:89]
do_action('wp_ajax_duplicator_package_build'), WP_Hook->do_action, WP_Hook->apply_filters, duplicator_package_build, DUP_Package->runZipBuild, DUP_Installer->build, DUP_Installer->create_enhanced_installer_files, DUP_Installer->create_archive_config_file, DUP_Database->getScannerData, DUP_Database->setInfoObj, DUP_DB::getBuildMode, DUP_DB::getMySqlDumpPath, DUP_DB::getWindowsMySqlDumpRealPath, file_exists, DUP_Handler::error, DUP_Handler::getMessage
add_extra_files1
add_extra_files2
add_extra_files3
add_extra_files4
Doing archive file check
add_extra_files5
add_extra_files6
add_extra_files8
Successfully opened zip C:/www/exovirtualreality/wp-snapshots/tmp/20200514_exovirtualrealitycom_48acfebe1aaa10958446_20200514185509_archive.zip
Adding enhanced installer files to archive using ZipArchive
Installer files added to archive
Added to archive
After ziparchive close when adding installer

********************************************************************************
INTEGRITY CHECKS:
********************************************************************************
SQL FILE: 747.83KB
INSTALLER FILE: 61.32KB
ARCHIVE FILE: 1.62MB 
EXPECTED FILE/DIRECTORY COUNT: 0
ACTUAL FILE/DIRECTORY COUNT: 0
ARCHIVE CONSISTENCY TEST: Pass

********************************************************************************
RECORD ID:[1]
TOTAL PROCESS RUNTIME: 1.43 sec.
PEAK PHP MEMORY USED: 8MB
DONE PROCESSING => 20200514_exovirtualrealitycom 05/14/2020 6:55 PM

